{
  "stats": {
    "suites": 1,
    "tests": 1,
    "passes": 1,
    "pending": 0,
    "failures": 0,
    "start": "2023-01-31T02:10:58.917Z",
    "end": "2023-01-31T02:11:18.560Z",
    "duration": 19643,
    "testsRegistered": 1,
    "passPercent": 100,
    "pendingPercent": 0,
    "other": 0,
    "hasOther": false,
    "skipped": 0,
    "hasSkipped": false
  },
  "results": [
    {
      "uuid": "3b363a9c-951b-4608-bf7f-2db2e3ebc5c2",
      "title": "",
      "fullFile": "C:\\Users\\Dex\\Programación\\Projects\\Selenium\\test\\AmazonChallenge.js",
      "file": "\\test\\AmazonChallenge.js",
      "beforeHooks": [],
      "afterHooks": [],
      "tests": [],
      "suites": [
        {
          "uuid": "12832994-5717-43eb-bba9-0ee1277702b3",
          "title": "Search cheese",
          "fullFile": "C:\\Users\\Dex\\Programación\\Projects\\Selenium\\test\\AmazonChallenge.js",
          "file": "\\test\\AmazonChallenge.js",
          "beforeHooks": [],
          "afterHooks": [],
          "tests": [
            {
              "title": "Checking cheese on search results:",
              "fullTitle": "Search cheese Checking cheese on search results:",
              "timedOut": null,
              "duration": 19016,
              "state": "passed",
              "speed": "slow",
              "pass": true,
              "fail": false,
              "pending": false,
              "context": null,
              "code": "let driver = new Builder().forBrowser('firefox').setFirefoxOptions(options).build();\n    driver.manage().window().maximize();\n    await driver.get('https://www.amazon.com/-/es/');\n    \n    await driver.findElement(By.xpath('//*[@id=\"twotabsearchtextbox\"]')).sendKeys(\"gorras\");\n    await driver.findElement(By.xpath(\"//input[@id='nav-search-submit-button']\")).click();\n    await driver.findElement(By.xpath(\"/html/body/div[1]/div[2]/div[1]/div[1]/div/span[1]/div[1]/div[8]/div/div/div/div/div[1]/span/a/div/img\")).click();\n    await driver.findElement(By.xpath('//*[@id=\"add-to-cart-button\"]')).click();\n    await driver.findElement(By.xpath('/html/body/div[1]/div[2]/div/div[1]/div[2]/div/div[1]/span/span/a')).click();\n    await driver.findElement(By.xpath('/html/body/div[1]/div[2]/div[3]/div[3]/div/div[2]/div[1]/div/form/div[2]/div[3]/div[4]/div/div[2]/div[1]/span[2]/span/input')).click();",
              "err": {},
              "uuid": "e22105e4-9ccf-4a48-92f0-3b1d23e11039",
              "parentUUID": null,
              "isHook": false,
              "skipped": false
            }
          ],
          "suites": [],
          "passes": [
            "e22105e4-9ccf-4a48-92f0-3b1d23e11039"
          ],
          "failures": [],
          "pending": [],
          "skipped": [],
          "duration": 19016,
          "root": false,
          "rootEmpty": false,
          "_timeout": null
        }
      ],
      "passes": [],
      "failures": [],
      "pending": [],
      "skipped": [],
      "duration": 0,
      "root": true,
      "rootEmpty": true,
      "_timeout": 0
    }
  ],
  "meta": {
    "mocha": {
      "version": "10.2.0"
    },
    "mochawesome": {
      "options": {
        "quiet": false,
        "reportFilename": "testResults",
        "saveHtml": true,
        "saveJson": true,
        "consoleReporter": "spec",
        "useInlineDiffs": false,
        "code": true
      },
      "version": "7.1.3"
    },
    "marge": {
      "options": {
        "reportDir": "C:/Users/Dex/Programación/Projects/Selenium/testReport",
        "reportFilename": "testResults"
      },
      "version": "6.2.0"
    }
  }
}