{
  "stats": {
    "suites": 2,
    "tests": 2,
    "passes": 2,
    "pending": 0,
    "failures": 0,
    "start": "2023-01-30T15:02:22.316Z",
    "end": "2023-01-30T15:02:28.521Z",
    "duration": 6205,
    "testsRegistered": 2,
    "passPercent": 100,
    "pendingPercent": 0,
    "other": 0,
    "hasOther": false,
    "skipped": 0,
    "hasSkipped": false
  },
  "results": [
    {
      "uuid": "f9af473c-9ed8-45c9-909d-5e354ab00cdb",
      "title": "",
      "fullFile": "",
      "file": "",
      "beforeHooks": [],
      "afterHooks": [],
      "tests": [],
      "suites": [
        {
          "uuid": "fba47fd7-5103-48b4-a15e-0766bfc0345a",
          "title": "add todo tests",
          "fullFile": "C:\\Users\\Dex\\Programación\\Projects\\Selenium\\test\\test1.js",
          "file": "\\test\\test1.js",
          "beforeHooks": [],
          "afterHooks": [],
          "tests": [
            {
              "title": "succesfully add a todo to appplication",
              "fullTitle": "add todo tests succesfully add a todo to appplication",
              "timedOut": null,
              "duration": 5101,
              "state": "passed",
              "speed": "slow",
              "pass": true,
              "fail": false,
              "pending": false,
              "context": null,
              "code": "//launch the browser\nlet driver = new Builder().forBrowser('firefox').setFirefoxOptions(options).build();\n\n//navigate to the application\nawait driver.get('https://lambdatest.github.io/sample-todo-app/');\nawait driver.findElement(By.id('sampletodotext')).sendKeys(\"Test2\", Key.RETURN);\n\n//asserts: get value from DOM\nlet todoText = await driver.findElement(By.xpath('//li[last()]')).getText().then(function (value) {\n  return value\n});\n\n//asserts using Chai\ntodoText.should.equal(\"Test2\");\n//close the browser\nawait driver.quit();",
              "err": {},
              "uuid": "c096eb1b-59fe-4e7d-ba50-ef9cce691a52",
              "parentUUID": null,
              "isHook": false,
              "skipped": false
            }
          ],
          "suites": [],
          "passes": [
            "c096eb1b-59fe-4e7d-ba50-ef9cce691a52"
          ],
          "failures": [],
          "pending": [],
          "skipped": [],
          "duration": 5101,
          "root": false,
          "rootEmpty": false,
          "_timeout": null
        },
        {
          "uuid": "062db263-0180-4b55-9a2a-3c07442909be",
          "title": "add another todo test",
          "fullFile": "C:\\Users\\Dex\\Programación\\Projects\\Selenium\\test\\test2.js",
          "file": "\\test\\test2.js",
          "beforeHooks": [],
          "afterHooks": [],
          "tests": [
            {
              "title": "succesfully add another todo to appplication",
              "fullTitle": "add another todo test succesfully add another todo to appplication",
              "timedOut": null,
              "duration": 5548,
              "state": "passed",
              "speed": "slow",
              "pass": true,
              "fail": false,
              "pending": false,
              "context": null,
              "code": "//launch the browser\nlet driver = new Builder().forBrowser('firefox').setFirefoxOptions(options).build();\n\n//navigate to the application\nawait driver.get('https://lambdatest.github.io/sample-todo-app/');\nawait driver.findElement(By.id('sampletodotext')).sendKeys(\"Test 2\", Key.RETURN);\n\n//asserts: get value from DOM\nlet todoText = await driver.findElement(By.xpath('//li[last()]')).getText().then(function (value) {\n  return value\n});\n\n//asserts using Chai\ntodoText.should.equal(\"Test 2\");\n//close the browser\nawait driver.quit();",
              "err": {},
              "uuid": "4021079e-9a91-4598-9301-9dc9dc776b8e",
              "parentUUID": null,
              "isHook": false,
              "skipped": false
            }
          ],
          "suites": [],
          "passes": [
            "4021079e-9a91-4598-9301-9dc9dc776b8e"
          ],
          "failures": [],
          "pending": [],
          "skipped": [],
          "duration": 5548,
          "root": false,
          "rootEmpty": false,
          "_timeout": null
        }
      ],
      "passes": [],
      "failures": [],
      "pending": [],
      "skipped": [],
      "duration": 0,
      "root": true,
      "rootEmpty": true,
      "_timeout": 0
    }
  ],
  "meta": {
    "mocha": {
      "version": "10.2.0"
    },
    "mochawesome": {
      "options": {
        "quiet": false,
        "reportFilename": "testResults",
        "saveHtml": true,
        "saveJson": true,
        "consoleReporter": "spec",
        "useInlineDiffs": false,
        "code": true
      },
      "version": "7.1.3"
    },
    "marge": {
      "options": {
        "reportDir": "C:/Users/Dex/Programación/Projects/Selenium/testReport",
        "reportFilename": "testResults"
      },
      "version": "6.2.0"
    }
  }
}